<?xml version="1.0" encoding="UTF-8"?>
<!-- Generated by org.testng.reporters.JUnitXMLReporter -->
<testsuite ignored="0" hostname="DESKTOP-GMDNGEC" failures="0" tests="2" name="Default test(failed)" time="53.74" errors="0" timestamp="2026-09-12T13:18:09 IST">
  <testcase classname="io.cucumber.testng.AbstractTestNGCucumberTests" name="runScenario" time="26.967"/>
  <testcase classname="io.cucumber.testng.AbstractTestNGCucumberTests" name="runScenario" time="23.28"/>
</testsuite> <!-- Default test(failed) -->
