# JRE version: OpenJDK Runtime Environment Temurin-21.0.6+7 (21.0.6+7) (build 21.0.6+7-LTS)
# Java VM: OpenJDK 64-Bit Server VM Temurin-21.0.6+7 (21.0.6+7-LTS, mixed mode, sharing, tiered, compressed oops, compressed class ptrs, g1 gc, windows-amd64)
GC Precious Log:
 CardTable entry size: 512
 Card Set container configuration: InlinePtr #cards 5 size 8 Array Of Cards #cards 12 size 40 Howl #buckets 4 coarsen threshold 1843 Howl Bitmap #cards 512 size 80 coarsen threshold 460 Card regions per heap region 1 cards per card region 2048
 CPUs: 4 total, 4 available
 Memory: 8107M
 Large Page Support: Disabled
 NUMA Support: Disabled
 Compressed Oops: Enabled (32-bit)
 Heap Region Size: 1M
 Heap Min Capacity: 8M
 Heap Initial Capacity: 128M
 Heap Max Capacity: 2028M
 Pre-touch: Disabled
 Parallel Workers: 4
 Concurrent Workers: 1
 Concurrent Refinement Workers: 4
 Periodic GC: Disabled
Heap:
 garbage-first heap   total 48128K, used 33526K [0x0000000081400000, 0x0000000100000000)
  region size 1024K, 18 young (18432K), 2 survivors (2048K)
 Metaspace       used 34611K, committed 35072K, reserved 1114112K
  class space    used 4011K, committed 4224K, reserved 1048576K
GC Heap History (20 events):
Event: 110.849 GC heap before
{Heap before GC invocations=10 (full 0):
 garbage-first heap   total 48128K, used 39983K [0x0000000081400000, 0x0000000100000000)
  region size 1024K, 23 young (23552K), 1 survivors (1024K)
 Metaspace       used 33363K, committed 33856K, reserved 1114112K
  class space    used 3995K, committed 4224K, reserved 1048576K
}
Event: 110.851 GC heap after
{Heap after GC invocations=11 (full 0):
 garbage-first heap   total 48128K, used 18331K [0x0000000081400000, 0x0000000100000000)
  region size 1024K, 1 young (1024K), 1 survivors (1024K)
 Metaspace       used 33363K, committed 33856K, reserved 1114112K
  class space    used 3995K, committed 4224K, reserved 1048576K
}
Event: 133.370 GC heap before
{Heap before GC invocations=11 (full 0):
 garbage-first heap   total 48128K, used 40859K [0x0000000081400000, 0x0000000100000000)
  region size 1024K, 24 young (24576K), 1 survivors (1024K)
 Metaspace       used 33544K, committed 33984K, reserved 1114112K
  class space    used 3998K, committed 4224K, reserved 1048576K
}
Event: 133.373 GC heap after
{Heap after GC invocations=12 (full 0):
 garbage-first heap   total 48128K, used 18518K [0x0000000081400000, 0x0000000100000000)
  region size 1024K, 1 young (1024K), 1 survivors (1024K)
 Metaspace       used 33544K, committed 33984K, reserved 1114112K
  class space    used 3998K, committed 4224K, reserved 1048576K
}
Event: 162.517 GC heap before
{Heap before GC invocations=12 (full 0):
 garbage-first heap   total 48128K, used 42070K [0x0000000081400000, 0x0000000100000000)
  region size 1024K, 24 young (24576K), 1 survivors (1024K)
 Metaspace       used 33735K, committed 34240K, reserved 1114112K
  class space    used 4001K, committed 4224K, reserved 1048576K
}
Event: 162.520 GC heap after
{Heap after GC invocations=13 (full 0):
 garbage-first heap   total 48128K, used 18709K [0x0000000081400000, 0x0000000100000000)
  region size 1024K, 2 young (2048K), 2 survivors (2048K)
 Metaspace       used 33735K, committed 34240K, reserved 1114112K
  class space    used 4001K, committed 4224K, reserved 1048576K
}
Event: 185.041 GC heap before
{Heap before GC invocations=13 (full 0):
 garbage-first heap   total 48128K, used 40213K [0x0000000081400000, 0x0000000100000000)
  region size 1024K, 24 young (24576K), 2 survivors (2048K)
 Metaspace       used 33974K, committed 34496K, reserved 1114112K
  class space    used 4001K, committed 4224K, reserved 1048576K
}
Event: 185.044 GC heap after
{Heap after GC invocations=14 (full 0):
 garbage-first heap   total 48128K, used 18791K [0x0000000081400000, 0x0000000100000000)
  region size 1024K, 2 young (2048K), 2 survivors (2048K)
 Metaspace       used 33974K, committed 34496K, reserved 1114112K
  class space    used 4001K, committed 4224K, reserved 1048576K
}
Event: 206.539 GC heap before
{Heap before GC invocations=14 (full 0):
 garbage-first heap   total 48128K, used 40295K [0x0000000081400000, 0x0000000100000000)
  region size 1024K, 24 young (24576K), 2 survivors (2048K)
 Metaspace       used 34129K, committed 34624K, reserved 1114112K
  class space    used 4001K, committed 4224K, reserved 1048576K
}
Event: 206.543 GC heap after
{Heap after GC invocations=15 (full 0):
 garbage-first heap   total 48128K, used 18987K [0x0000000081400000, 0x0000000100000000)
  region size 1024K, 2 young (2048K), 2 survivors (2048K)
 Metaspace       used 34129K, committed 34624K, reserved 1114112K
  class space    used 4001K, committed 4224K, reserved 1048576K
}
Event: 222.499 GC heap before
{Heap before GC invocations=15 (full 0):
 garbage-first heap   total 48128K, used 40491K [0x0000000081400000, 0x0000000100000000)
  region size 1024K, 24 young (24576K), 2 survivors (2048K)
 Metaspace       used 34206K, committed 34688K, reserved 1114112K
  class space    used 4001K, committed 4224K, reserved 1048576K
}
Event: 222.502 GC heap after
{Heap after GC invocations=16 (full 0):
 garbage-first heap   total 48128K, used 18866K [0x0000000081400000, 0x0000000100000000)
  region size 1024K, 2 young (2048K), 2 survivors (2048K)
 Metaspace       used 34206K, committed 34688K, reserved 1114112K
  class space    used 4001K, committed 4224K, reserved 1048576K
}
Event: 235.063 GC heap before
{Heap before GC invocations=16 (full 0):
 garbage-first heap   total 48128K, used 40370K [0x0000000081400000, 0x0000000100000000)
  region size 1024K, 24 young (24576K), 2 survivors (2048K)
 Metaspace       used 34373K, committed 34880K, reserved 1114112K
  class space    used 4001K, committed 4224K, reserved 1048576K
}
Event: 235.066 GC heap after
{Heap after GC invocations=17 (full 0):
 garbage-first heap   total 48128K, used 18902K [0x0000000081400000, 0x0000000100000000)
  region size 1024K, 2 young (2048K), 2 survivors (2048K)
 Metaspace       used 34373K, committed 34880K, reserved 1114112K
  class space    used 4001K, committed 4224K, reserved 1048576K
}
Event: 254.698 GC heap before
{Heap before GC invocations=17 (full 0):
 garbage-first heap   total 48128K, used 40406K [0x0000000081400000, 0x0000000100000000)
  region size 1024K, 24 young (24576K), 2 survivors (2048K)
 Metaspace       used 34438K, committed 34880K, reserved 1114112K
  class space    used 4004K, committed 4224K, reserved 1048576K
}
Event: 254.704 GC heap after
{Heap after GC invocations=18 (full 0):
 garbage-first heap   total 48128K, used 18987K [0x0000000081400000, 0x0000000100000000)
  region size 1024K, 2 young (2048K), 2 survivors (2048K)
 Metaspace       used 34438K, committed 34880K, reserved 1114112K
  class space    used 4004K, committed 4224K, reserved 1048576K
}
Event: 280.961 GC heap before
{Heap before GC invocations=18 (full 0):
 garbage-first heap   total 48128K, used 40491K [0x0000000081400000, 0x0000000100000000)
  region size 1024K, 24 young (24576K), 2 survivors (2048K)
 Metaspace       used 34467K, committed 34944K, reserved 1114112K
  class space    used 4004K, committed 4224K, reserved 1048576K
}
Event: 280.965 GC heap after
{Heap after GC invocations=19 (full 0):
 garbage-first heap   total 48128K, used 18856K [0x0000000081400000, 0x0000000100000000)
  region size 1024K, 2 young (2048K), 2 survivors (2048K)
 Metaspace       used 34467K, committed 34944K, reserved 1114112K
  class space    used 4004K, committed 4224K, reserved 1048576K
}
Event: 1066.030 GC heap before
{Heap before GC invocations=19 (full 0):
 garbage-first heap   total 48128K, used 40360K [0x0000000081400000, 0x0000000100000000)
  region size 1024K, 24 young (24576K), 2 survivors (2048K)
 Metaspace       used 34544K, committed 35008K, reserved 1114112K
  class space    used 4010K, committed 4224K, reserved 1048576K
}
Event: 1066.033 GC heap after
{Heap after GC invocations=20 (full 0):
 garbage-first heap   total 48128K, used 19190K [0x0000000081400000, 0x0000000100000000)
  region size 1024K, 2 young (2048K), 2 survivors (2048K)
 Metaspace       used 34544K, committed 35008K, reserved 1114112K
  class space    used 4010K, committed 4224K, reserved 1048576K
}

