# JRE version: OpenJDK Runtime Environment Temurin-21.0.6+7 (21.0.6+7) (build 21.0.6+7-LTS)
# Java VM: OpenJDK 64-Bit Server VM Temurin-21.0.6+7 (21.0.6+7-LTS, mixed mode, sharing, tiered, compressed oops, compressed class ptrs, g1 gc, windows-amd64)
GC Precious Log:
 CardTable entry size: 512
 Card Set container configuration: InlinePtr #cards 5 size 8 Array Of Cards #cards 12 size 40 Howl #buckets 4 coarsen threshold 1843 Howl Bitmap #cards 512 size 80 coarsen threshold 460 Card regions per heap region 1 cards per card region 2048
 CPUs: 4 total, 4 available
 Memory: 8107M
 Large Page Support: Disabled
 NUMA Support: Disabled
 Compressed Oops: Enabled (32-bit)
 Heap Region Size: 1M
 Heap Min Capacity: 8M
 Heap Initial Capacity: 128M
 Heap Max Capacity: 2028M
 Pre-touch: Disabled
 Parallel Workers: 4
 Concurrent Workers: 1
 Concurrent Refinement Workers: 4
 Periodic GC: Disabled
Heap:
 garbage-first heap   total 48128K, used 21635K [0x0000000081400000, 0x0000000100000000)
  region size 1024K, 5 young (5120K), 2 survivors (2048K)
 Metaspace       used 34461K, committed 34880K, reserved 1114112K
  class space    used 4011K, committed 4224K, reserved 1048576K
GC Heap History (20 events):
Event: 30.977 GC heap before
{Heap before GC invocations=7 (full 0):
 garbage-first heap   total 48128K, used 37523K [0x0000000081400000, 0x0000000100000000)
  region size 1024K, 22 young (22528K), 2 survivors (2048K)
 Metaspace       used 32174K, committed 32640K, reserved 1114112K
  class space    used 3941K, committed 4160K, reserved 1048576K
}
Event: 30.981 GC heap after
{Heap after GC invocations=8 (full 0):
 garbage-first heap   total 48128K, used 18432K [0x0000000081400000, 0x0000000100000000)
  region size 1024K, 2 young (2048K), 2 survivors (2048K)
 Metaspace       used 32174K, committed 32640K, reserved 1114112K
  class space    used 3941K, committed 4160K, reserved 1048576K
}
Event: 52.918 GC heap before
{Heap before GC invocations=8 (full 0):
 garbage-first heap   total 48128K, used 39936K [0x0000000081400000, 0x0000000100000000)
  region size 1024K, 23 young (23552K), 2 survivors (2048K)
 Metaspace       used 32806K, committed 33344K, reserved 1114112K
  class space    used 3962K, committed 4224K, reserved 1048576K
}
Event: 52.924 GC heap after
{Heap after GC invocations=9 (full 0):
 garbage-first heap   total 48128K, used 18735K [0x0000000081400000, 0x0000000100000000)
  region size 1024K, 1 young (1024K), 1 survivors (1024K)
 Metaspace       used 32806K, committed 33344K, reserved 1114112K
  class space    used 3962K, committed 4224K, reserved 1048576K
}
Event: 94.492 GC heap before
{Heap before GC invocations=9 (full 0):
 garbage-first heap   total 48128K, used 39215K [0x0000000081400000, 0x0000000100000000)
  region size 1024K, 22 young (22528K), 1 survivors (1024K)
 Metaspace       used 33124K, committed 33664K, reserved 1114112K
  class space    used 3966K, committed 4224K, reserved 1048576K
}
Event: 94.494 GC heap after
{Heap after GC invocations=10 (full 0):
 garbage-first heap   total 48128K, used 18675K [0x0000000081400000, 0x0000000100000000)
  region size 1024K, 1 young (1024K), 1 survivors (1024K)
 Metaspace       used 33124K, committed 33664K, reserved 1114112K
  class space    used 3966K, committed 4224K, reserved 1048576K
}
Event: 219.411 GC heap before
{Heap before GC invocations=10 (full 0):
 garbage-first heap   total 48128K, used 41203K [0x0000000081400000, 0x0000000100000000)
  region size 1024K, 23 young (23552K), 1 survivors (1024K)
 Metaspace       used 33410K, committed 33920K, reserved 1114112K
  class space    used 3997K, committed 4224K, reserved 1048576K
}
Event: 219.417 GC heap after
{Heap after GC invocations=11 (full 0):
 garbage-first heap   total 48128K, used 18779K [0x0000000081400000, 0x0000000100000000)
  region size 1024K, 1 young (1024K), 1 survivors (1024K)
 Metaspace       used 33410K, committed 33920K, reserved 1114112K
  class space    used 3997K, committed 4224K, reserved 1048576K
}
Event: 257.061 GC heap before
{Heap before GC invocations=11 (full 0):
 garbage-first heap   total 48128K, used 42331K [0x0000000081400000, 0x0000000100000000)
  region size 1024K, 24 young (24576K), 1 survivors (1024K)
 Metaspace       used 33611K, committed 34112K, reserved 1114112K
  class space    used 4001K, committed 4224K, reserved 1048576K
}
Event: 257.064 GC heap after
{Heap after GC invocations=12 (full 0):
 garbage-first heap   total 48128K, used 18949K [0x0000000081400000, 0x0000000100000000)
  region size 1024K, 2 young (2048K), 2 survivors (2048K)
 Metaspace       used 33611K, committed 34112K, reserved 1114112K
  class space    used 4001K, committed 4224K, reserved 1048576K
}
Event: 280.391 GC heap before
{Heap before GC invocations=12 (full 0):
 garbage-first heap   total 48128K, used 40453K [0x0000000081400000, 0x0000000100000000)
  region size 1024K, 24 young (24576K), 2 survivors (2048K)
 Metaspace       used 33741K, committed 34240K, reserved 1114112K
  class space    used 4003K, committed 4224K, reserved 1048576K
}
Event: 280.394 GC heap after
{Heap after GC invocations=13 (full 0):
 garbage-first heap   total 48128K, used 19046K [0x0000000081400000, 0x0000000100000000)
  region size 1024K, 2 young (2048K), 2 survivors (2048K)
 Metaspace       used 33741K, committed 34240K, reserved 1114112K
  class space    used 4003K, committed 4224K, reserved 1048576K
}
Event: 319.509 GC heap before
{Heap before GC invocations=13 (full 0):
 garbage-first heap   total 48128K, used 40550K [0x0000000081400000, 0x0000000100000000)
  region size 1024K, 24 young (24576K), 2 survivors (2048K)
 Metaspace       used 33828K, committed 34304K, reserved 1114112K
  class space    used 4003K, committed 4224K, reserved 1048576K
}
Event: 319.513 GC heap after
{Heap after GC invocations=14 (full 0):
 garbage-first heap   total 48128K, used 19359K [0x0000000081400000, 0x0000000100000000)
  region size 1024K, 2 young (2048K), 2 survivors (2048K)
 Metaspace       used 33828K, committed 34304K, reserved 1114112K
  class space    used 4003K, committed 4224K, reserved 1048576K
}
Event: 350.065 GC heap before
{Heap before GC invocations=14 (full 0):
 garbage-first heap   total 48128K, used 40863K [0x0000000081400000, 0x0000000100000000)
  region size 1024K, 24 young (24576K), 2 survivors (2048K)
 Metaspace       used 34085K, committed 34560K, reserved 1114112K
  class space    used 4009K, committed 4224K, reserved 1048576K
}
Event: 350.068 GC heap after
{Heap after GC invocations=15 (full 0):
 garbage-first heap   total 48128K, used 19570K [0x0000000081400000, 0x0000000100000000)
  region size 1024K, 2 young (2048K), 2 survivors (2048K)
 Metaspace       used 34085K, committed 34560K, reserved 1114112K
  class space    used 4009K, committed 4224K, reserved 1048576K
}
Event: 362.772 GC heap before
{Heap before GC invocations=15 (full 0):
 garbage-first heap   total 48128K, used 42098K [0x0000000081400000, 0x0000000100000000)
  region size 1024K, 24 young (24576K), 2 survivors (2048K)
 Metaspace       used 34351K, committed 34816K, reserved 1114112K
  class space    used 4010K, committed 4224K, reserved 1048576K
}
Event: 362.779 GC heap after
{Heap after GC invocations=16 (full 0):
 garbage-first heap   total 48128K, used 19645K [0x0000000081400000, 0x0000000100000000)
  region size 1024K, 2 young (2048K), 2 survivors (2048K)
 Metaspace       used 34351K, committed 34816K, reserved 1114112K
  class space    used 4010K, committed 4224K, reserved 1048576K
}
Event: 384.310 GC heap before
{Heap before GC invocations=16 (full 0):
 garbage-first heap   total 48128K, used 41149K [0x0000000081400000, 0x0000000100000000)
  region size 1024K, 24 young (24576K), 2 survivors (2048K)
 Metaspace       used 34447K, committed 34880K, reserved 1114112K
  class space    used 4011K, committed 4224K, reserved 1048576K
}
Event: 384.314 GC heap after
{Heap after GC invocations=17 (full 0):
 garbage-first heap   total 48128K, used 19587K [0x0000000081400000, 0x0000000100000000)
  region size 1024K, 2 young (2048K), 2 survivors (2048K)
 Metaspace       used 34447K, committed 34880K, reserved 1114112K
  class space    used 4011K, committed 4224K, reserved 1048576K
}

