<?xml version="1.0" encoding="UTF-8"?>
<testsuite xmlns:xsi="http://www.w3.org/2001/XMLSchema-instance" xsi:noNamespaceSchemaLocation="https://maven.apache.org/surefire/maven-surefire-plugin/xsd/surefire-test-report-3.0.xsd" version="3.0" name="TestRunner.Run" time="138.152" tests="4" errors="0" skipped="0" failures="0">
  <properties>
[...]
</properties>
  <testcase name="runScenario[&quot;Search Work Report Dashboard Data&quot;, &quot;Dashboard&quot;](1)" classname="TestRunner.Run" time="31.283">
    <system-out><![CDATA[
@Regression
Scenario: Search Work Report Dashboard Data                            # src/test/resources/Features/DashboardFeature.feature:12
Setup-Regression method executed..
[INFO ] 2026-08-22 17:20:48.831 [main] StepDef - Setup-Regression method executed
[INFO ] 2026-08-22 17:20:49.121 [main] StepDef - chrome browser launched
  Given User Launch Chrome Browser                                     # StepDefinition.StepDef.user_launch_chrome_browser()
[INFO ] 2026-08-22 17:20:52.373 [main] StepDef - URL opened
  When User opens URL "http://192.168.1.20:94/system/login/"           # StepDefinition.StepDef.user_opens_url(java.lang.String)
[INFO ] 2026-08-22 17:20:53.404 [main] StepDef - username and password entered
  And User enters Username as "super_admin" and password as "12345987" # StepDefinition.StepDef.user_enters_username_as_and_password_as(java.lang.String,java.lang.String)
[INFO ] 2026-08-22 17:20:58.619 [main] StepDef - clicked on login button
  And click on Login button                                            # StepDefinition.StepDef.click_on_login_button()
[INFO ] 2026-08-22 17:20:58.790 [main] StepDef - Test passed: Login feature: User is able to see dashboard text
  Then User should be able to see "Dashboard" text                     # StepDefinition.StepDef.user_should_be_able_to_see_text(java.lang.String)
[INFO ] 2026-08-22 17:20:59.111 [main] StepDef - User clicks on dashboard menu
  When User clicks on dashboard menu                                   # StepDefinition.StepDef.user_clicks_on_dashboard_menu()
[INFO ] 2026-08-22 17:21:02.468 [main] StepDef - User clicks on Work Report Dashboard submenu
  And click on Work Report Dashboard submenu                           # StepDefinition.StepDef.click_on_work_report_dashboard_submenu()
[INFO ] 2026-08-22 17:21:05.698 [main] StepDef - User clicks on search button of Work Report Dashboard
  And click on search button of Work Report Dashboard                  # StepDefinition.StepDef.click_on_search_button_of_work_report_dashboard()
[INFO ] 2026-08-22 17:21:07.820 [main] StepDef - user can view Work Report Dashboard report
  Then user can view Work Report Dashboard report                      # StepDefinition.StepDef.user_can_view_work_report_dashboard_report()
[INFO ] 2026-08-22 17:21:07.823 [main] StepDef - Browser closed
  And close browser                                                    # StepDefinition.CloseStep.close_browser()
Tear Down method executed..
]]></system-out>
    <system-err><![CDATA[Aug 22, 2026 5:20:48 PM org.openqa.selenium.devtools.CdpVersionFinder findNearestMatch
WARNING: Unable to find CDP implementation matching 151
Aug 22, 2026 5:20:48 PM org.openqa.selenium.chromium.ChromiumDriver lambda$new$5
WARNING: Unable to find version of CDP to use for 151.0.7922.170. You may need to include a dependency on a specific version of the CDP using something similar to `org.seleniumhq.selenium:selenium-devtools-v86:4.15.0` where the version ("v86") matches the version of the chromium-based browser you're using and the version number of the artifact is the same as Selenium's.
]]></system-err>
  </testcase>
  <testcase name="runScenario[&quot;Search BOH Dashboard Data&quot;, &quot;Dashboard&quot;](2)" classname="TestRunner.Run" time="24.633">
    <system-out><![CDATA[
@Regression
Scenario: Search BOH Dashboard Data                                    # src/test/resources/Features/DashboardFeature.feature:20
Setup-Regression method executed..
[INFO ] 2026-08-22 17:21:13.367 [main] StepDef - Setup-Regression method executed
[INFO ] 2026-08-22 17:21:13.376 [main] StepDef - chrome browser launched
  Given User Launch Chrome Browser                                     # StepDefinition.StepDef.user_launch_chrome_browser()
[INFO ] 2026-08-22 17:21:18.979 [main] StepDef - URL opened
  When User opens URL "http://192.168.1.20:94/system/login/"           # StepDefinition.StepDef.user_opens_url(java.lang.String)
[INFO ] 2026-08-22 17:21:20.230 [main] StepDef - username and password entered
  And User enters Username as "super_admin" and password as "12345987" # StepDefinition.StepDef.user_enters_username_as_and_password_as(java.lang.String,java.lang.String)
[INFO ] 2026-08-22 17:21:24.785 [main] StepDef - clicked on login button
  And click on Login button                                            # StepDefinition.StepDef.click_on_login_button()
[INFO ] 2026-08-22 17:21:24.999 [main] StepDef - Test passed: Login feature: User is able to see dashboard text
  Then User should be able to see "Dashboard" text                     # StepDefinition.StepDef.user_should_be_able_to_see_text(java.lang.String)
[INFO ] 2026-08-22 17:21:25.368 [main] StepDef - User clicks on dashboard menu
  When User clicks on dashboard menu                                   # StepDefinition.StepDef.user_clicks_on_dashboard_menu()
[INFO ] 2026-08-22 17:21:28.248 [main] StepDef - User clicks on Work BOH Dashboard submenu
  And click on Work BOH Dashboard submenu                              # StepDefinition.StepDef.click_on_work_boh_dashboard_submenu()
[INFO ] 2026-08-22 17:21:31.065 [main] StepDef - User clicks on search button of BOH Dashboard
  And click on search button of BOH Dashboard                          # StepDefinition.StepDef.click_on_search_button_of_boh_dashboard()
[INFO ] 2026-08-22 17:21:33.136 [main] StepDef - user can view report of BOH Dashboard
  Then user can view report of BOH Dashboard                           # StepDefinition.StepDef.user_can_view_report_of_boh_dashboard()
[INFO ] 2026-08-22 17:21:33.138 [main] StepDef - Browser closed
  And close browser                                                    # StepDefinition.CloseStep.close_browser()
Tear Down method executed..
]]></system-out>
    <system-err><![CDATA[Aug 22, 2026 5:21:13 PM org.openqa.selenium.devtools.CdpVersionFinder findNearestMatch
WARNING: Unable to find CDP implementation matching 151
Aug 22, 2026 5:21:13 PM org.openqa.selenium.chromium.ChromiumDriver lambda$new$5
WARNING: Unable to find version of CDP to use for 151.0.7922.170. You may need to include a dependency on a specific version of the CDP using something similar to `org.seleniumhq.selenium:selenium-devtools-v86:4.15.0` where the version ("v86") matches the version of the chromium-based browser you're using and the version number of the artifact is the same as Selenium's.
]]></system-err>
  </testcase>
  <testcase name="runScenario[&quot;Successful Login With Valid Credentials&quot;, &quot;Login&quot;](3)" classname="TestRunner.Run" time="39.726">
    <system-out><![CDATA[
@Smoke @Regression
Scenario: Successful Login With Valid Credentials                      # src/test/resources/Features/LoginFeature.feature:8
Setup-Regression method executed..
[INFO ] 2026-08-22 17:21:37.865 [main] StepDef - Setup-Regression method executed
Setup-Smoke method executed..
[INFO ] 2026-08-22 17:21:43.128 [main] StepDef - Setup-Smoke method executed
[INFO ] 2026-08-22 17:21:43.132 [main] StepDef - chrome browser launched
  Given User Launch Chrome Browser                                     # StepDefinition.StepDef.user_launch_chrome_browser()
[INFO ] 2026-08-22 17:21:51.563 [main] StepDef - URL opened
  When User opens URL "http://192.168.1.20:94/system/login/"           # StepDefinition.StepDef.user_opens_url(java.lang.String)
[INFO ] 2026-08-22 17:21:53.276 [main] StepDef - username and password entered
  And User enters Username as "super_admin" and password as "12345987" # StepDefinition.StepDef.user_enters_username_as_and_password_as(java.lang.String,java.lang.String)
[INFO ] 2026-08-22 17:22:00.879 [main] StepDef - clicked on login button
  And click on Login button                                            # StepDefinition.StepDef.click_on_login_button()
[INFO ] 2026-08-22 17:22:01.112 [main] StepDef - Test passed: Login feature: User is able to see dashboard text
  Then User should be able to see "Dashboard" text                     # StepDefinition.StepDef.user_should_be_able_to_see_text(java.lang.String)
[INFO ] 2026-08-22 17:22:01.765 [main] StepDef - User clicked on super admin profile
  When User clicks on super admin profile                              # StepDefinition.StepDef.user_clicks_on_super_admin_profile()
[INFO ] 2026-08-22 17:22:05.646 [main] StepDef - User clicked on signout button
  And User clicks on signout button                                    # StepDefinition.StepDef.user_clicks_on_signout_button()
[INFO ] 2026-08-22 17:22:07.842 [main] StepDef - User is able to see login page of Nagar Palika Rawatsar
  Then Page Title should be "Nagar Palika Rawatsar"                    # StepDefinition.StepDef.page_title_should_be(java.lang.String)
[INFO ] 2026-08-22 17:22:07.844 [main] StepDef - Browser closed
  And close browser                                                    # StepDefinition.CloseStep.close_browser()
Tear Down method executed..
]]></system-out>
    <system-err><![CDATA[Aug 22, 2026 5:21:37 PM org.openqa.selenium.devtools.CdpVersionFinder findNearestMatch
WARNING: Unable to find CDP implementation matching 151
Aug 22, 2026 5:21:37 PM org.openqa.selenium.chromium.ChromiumDriver lambda$new$5
WARNING: Unable to find version of CDP to use for 151.0.7922.170. You may need to include a dependency on a specific version of the CDP using something similar to `org.seleniumhq.selenium:selenium-devtools-v86:4.15.0` where the version ("v86") matches the version of the chromium-based browser you're using and the version number of the artifact is the same as Selenium's.
Aug 22, 2026 5:21:42 PM org.openqa.selenium.devtools.CdpVersionFinder findNearestMatch
WARNING: Unable to find CDP implementation matching 151
Aug 22, 2026 5:21:42 PM org.openqa.selenium.chromium.ChromiumDriver lambda$new$5
WARNING: Unable to find version of CDP to use for 151.0.7922.170. You may need to include a dependency on a specific version of the CDP using something similar to `org.seleniumhq.selenium:selenium-devtools-v86:4.15.0` where the version ("v86") matches the version of the chromium-based browser you're using and the version number of the artifact is the same as Selenium's.
]]></system-err>
  </testcase>
  <testcase name="runScenario[&quot;Successful Login With different Credentials DDT&quot;, &quot;Login&quot;](4)" classname="TestRunner.Run" time="38.698">
    <system-out><![CDATA[
@DDT
Scenario Outline: Successful Login With different Credentials DDT      # src/test/resources/Features/LoginFeature.feature:33
Setup-DDT method executed..
[INFO ] 2026-08-22 17:22:19.161 [main] StepDef - Setup-DDT method executed..
[INFO ] 2026-08-22 17:22:19.167 [main] StepDef - chrome browser launched
  Given User Launch Chrome Browser                                     # StepDefinition.StepDef.user_launch_chrome_browser()
[INFO ] 2026-08-22 17:22:23.445 [main] StepDef - URL opened
  When User opens URL "http://192.168.1.20:94/system/login/"           # StepDefinition.StepDef.user_opens_url(java.lang.String)
[INFO ] 2026-08-22 17:22:24.636 [main] StepDef - username and password entered
  And User enters Username as "super_admin" and password as "12345987" # StepDefinition.StepDef.user_enters_username_as_and_password_as(java.lang.String,java.lang.String)
[INFO ] 2026-08-22 17:22:45.364 [main] StepDef - clicked on login button
  And click on Login button                                            # StepDefinition.StepDef.click_on_login_button()
[INFO ] 2026-08-22 17:22:45.523 [main] StepDef - Test passed: Login feature: User is able to see dashboard text
  Then User should be able to see "Dashboard" text                     # StepDefinition.StepDef.user_should_be_able_to_see_text(java.lang.String)
[INFO ] 2026-08-22 17:22:45.784 [main] StepDef - User clicked on super admin profile
  When User clicks on super admin profile                              # StepDefinition.StepDef.user_clicks_on_super_admin_profile()
[INFO ] 2026-08-22 17:22:49.375 [main] StepDef - User clicked on signout button
  And User clicks on signout button                                    # StepDefinition.StepDef.user_clicks_on_signout_button()
[INFO ] 2026-08-22 17:22:51.421 [main] StepDef - User is able to see login page of Nagar Palika Rawatsar
  Then Page Title should be "Nagar Palika Rawatsar"                    # StepDefinition.StepDef.page_title_should_be(java.lang.String)
[INFO ] 2026-08-22 17:22:51.423 [main] StepDef - Browser closed
  And close browser                                                    # StepDefinition.CloseStep.close_browser()
Tear Down method executed..
]]></system-out>
    <system-err><![CDATA[Aug 22, 2026 5:22:18 PM org.openqa.selenium.devtools.CdpVersionFinder findNearestMatch
WARNING: Unable to find CDP implementation matching 151
Aug 22, 2026 5:22:18 PM org.openqa.selenium.chromium.ChromiumDriver lambda$new$5
WARNING: Unable to find version of CDP to use for 151.0.7922.170. You may need to include a dependency on a specific version of the CDP using something similar to `org.seleniumhq.selenium:selenium-devtools-v86:4.15.0` where the version ("v86") matches the version of the chromium-based browser you're using and the version number of the artifact is the same as Selenium's.
]]></system-err>
  </testcase>
</testsuite>