<?xml version="1.0" encoding="UTF-8"?>
<testng-results ignored="0" total="10" passed="10" failed="0" skipped="0">
  <reporter-output>
  </reporter-output>
  <suite started-at="2026-09-08T15:59:38 IST" name="Default suite" finished-at="2026-09-08T16:02:51 IST" duration-ms="192630">
    <groups>
      <group name="cucumber">
        <method signature="AbstractTestNGCucumberTests.runScenario(io.cucumber.testng.PickleWrapper,io.cucumber.testng.FeatureWrapper)[pri:0, instance:TestRunner.Run@5656be13]" name="runScenario" class="io.cucumber.testng.AbstractTestNGCucumberTests"/>
      </group> <!-- cucumber -->
    </groups>
    <test started-at="2026-09-08T15:59:38 IST" name="Default test" finished-at="2026-09-08T16:02:51 IST" duration-ms="192630">
      <class name="TestRunner.Run">
        <test-method is-config="true" signature="setUpClass(org.testng.ITestContext)[pri:0, instance:TestRunner.Run@5656be13]" started-at="2026-09-08T15:59:38 IST" name="setUpClass" finished-at="2026-09-08T15:59:40 IST" duration-ms="2122" status="PASS">
          <params>
            <param index="0">
              <value>
                <![CDATA[org.testng.TestRunner@1ca0aa40]]>
              </value>
            </param>
          </params>
          <reporter-output>
          </reporter-output>
        </test-method> <!-- setUpClass -->
        <test-method signature="runScenario(io.cucumber.testng.PickleWrapper,io.cucumber.testng.FeatureWrapper)[pri:0, instance:TestRunner.Run@5656be13]" started-at="2026-09-08T15:59:40 IST" name="runScenario" description="Runs Cucumber Scenarios" data-provider="scenarios" finished-at="2026-09-08T16:00:03 IST" duration-ms="22792" status="PASS">
          <params>
            <param index="0">
              <value>
                <![CDATA["Accounts menu contains all submenus"]]>
              </value>
            </param>
            <param index="1">
              <value>
                <![CDATA["Accounts"]]>
              </value>
            </param>
          </params>
          <reporter-output>
          </reporter-output>
        </test-method> <!-- runScenario -->
        <test-method signature="runScenario(io.cucumber.testng.PickleWrapper,io.cucumber.testng.FeatureWrapper)[pri:0, instance:TestRunner.Run@5656be13]" started-at="2026-09-08T16:00:03 IST" name="runScenario" description="Runs Cucumber Scenarios" data-provider="scenarios" finished-at="2026-09-08T16:00:20 IST" duration-ms="16539" status="PASS">
          <params>
            <param index="0">
              <value>
                <![CDATA["To check presence of all submenus of Assessment menu"]]>
              </value>
            </param>
            <param index="1">
              <value>
                <![CDATA["Check functionality of Assessment menu"]]>
              </value>
            </param>
          </params>
          <reporter-output>
          </reporter-output>
        </test-method> <!-- runScenario -->
        <test-method signature="runScenario(io.cucumber.testng.PickleWrapper,io.cucumber.testng.FeatureWrapper)[pri:0, instance:TestRunner.Run@5656be13]" started-at="2026-09-08T16:00:20 IST" name="runScenario" description="Runs Cucumber Scenarios" data-provider="scenarios" finished-at="2026-09-08T16:00:35 IST" duration-ms="15701" status="PASS">
          <params>
            <param index="0">
              <value>
                <![CDATA["Check Dashboard menu contains both Work Report Dashboard and BOH Dashboard submenus"]]>
              </value>
            </param>
            <param index="1">
              <value>
                <![CDATA["Dashboard"]]>
              </value>
            </param>
          </params>
          <reporter-output>
          </reporter-output>
        </test-method> <!-- runScenario -->
        <test-method signature="runScenario(io.cucumber.testng.PickleWrapper,io.cucumber.testng.FeatureWrapper)[pri:0, instance:TestRunner.Run@5656be13]" started-at="2026-09-08T16:00:35 IST" name="runScenario" description="Runs Cucumber Scenarios" data-provider="scenarios" finished-at="2026-09-08T16:00:51 IST" duration-ms="15918" status="PASS">
          <params>
            <param index="0">
              <value>
                <![CDATA["Inactive Property menu contains all submenus"]]>
              </value>
            </param>
            <param index="1">
              <value>
                <![CDATA["Inactive Property"]]>
              </value>
            </param>
          </params>
          <reporter-output>
          </reporter-output>
        </test-method> <!-- runScenario -->
        <test-method signature="runScenario(io.cucumber.testng.PickleWrapper,io.cucumber.testng.FeatureWrapper)[pri:0, instance:TestRunner.Run@5656be13]" started-at="2026-09-08T16:00:51 IST" name="runScenario" description="Runs Cucumber Scenarios" data-provider="scenarios" finished-at="2026-09-08T16:01:06 IST" duration-ms="14411" status="PASS">
          <params>
            <param index="0">
              <value>
                <![CDATA["Inactive Survey menu contains all submenus"]]>
              </value>
            </param>
            <param index="1">
              <value>
                <![CDATA["Inactive Survey"]]>
              </value>
            </param>
          </params>
          <reporter-output>
          </reporter-output>
        </test-method> <!-- runScenario -->
        <test-method signature="runScenario(io.cucumber.testng.PickleWrapper,io.cucumber.testng.FeatureWrapper)[pri:0, instance:TestRunner.Run@5656be13]" started-at="2026-09-08T16:01:06 IST" name="runScenario" description="Runs Cucumber Scenarios" data-provider="scenarios" finished-at="2026-09-08T16:01:32 IST" duration-ms="25978" status="PASS">
          <params>
            <param index="0">
              <value>
                <![CDATA["Successful Login With Valid Credentials"]]>
              </value>
            </param>
            <param index="1">
              <value>
                <![CDATA["Login"]]>
              </value>
            </param>
          </params>
          <reporter-output>
          </reporter-output>
        </test-method> <!-- runScenario -->
        <test-method signature="runScenario(io.cucumber.testng.PickleWrapper,io.cucumber.testng.FeatureWrapper)[pri:0, instance:TestRunner.Run@5656be13]" started-at="2026-09-08T16:01:32 IST" name="runScenario" description="Runs Cucumber Scenarios" data-provider="scenarios" finished-at="2026-09-08T16:01:56 IST" duration-ms="23998" status="PASS">
          <params>
            <param index="0">
              <value>
                <![CDATA["Property Survey menu contains all submenus"]]>
              </value>
            </param>
            <param index="1">
              <value>
                <![CDATA["Property Survey"]]>
              </value>
            </param>
          </params>
          <reporter-output>
          </reporter-output>
        </test-method> <!-- runScenario -->
        <test-method signature="runScenario(io.cucumber.testng.PickleWrapper,io.cucumber.testng.FeatureWrapper)[pri:0, instance:TestRunner.Run@5656be13]" started-at="2026-09-08T16:01:56 IST" name="runScenario" description="Runs Cucumber Scenarios" data-provider="scenarios" finished-at="2026-09-08T16:02:13 IST" duration-ms="16951" status="PASS">
          <params>
            <param index="0">
              <value>
                <![CDATA["To check presence of all submenus of UDTax menu"]]>
              </value>
            </param>
            <param index="1">
              <value>
                <![CDATA["Check functionality of UDTax menu"]]>
              </value>
            </param>
          </params>
          <reporter-output>
          </reporter-output>
        </test-method> <!-- runScenario -->
        <test-method signature="runScenario(io.cucumber.testng.PickleWrapper,io.cucumber.testng.FeatureWrapper)[pri:0, instance:TestRunner.Run@5656be13]" started-at="2026-09-08T16:02:13 IST" name="runScenario" description="Runs Cucumber Scenarios" data-provider="scenarios" finished-at="2026-09-08T16:02:33 IST" duration-ms="20136" status="PASS">
          <params>
            <param index="0">
              <value>
                <![CDATA["UD Tax Report menu contains all submenus"]]>
              </value>
            </param>
            <param index="1">
              <value>
                <![CDATA["UD Tax Report"]]>
              </value>
            </param>
          </params>
          <reporter-output>
          </reporter-output>
        </test-method> <!-- runScenario -->
        <test-method signature="runScenario(io.cucumber.testng.PickleWrapper,io.cucumber.testng.FeatureWrapper)[pri:0, instance:TestRunner.Run@5656be13]" started-at="2026-09-08T16:02:33 IST" name="runScenario" description="Runs Cucumber Scenarios" data-provider="scenarios" finished-at="2026-09-08T16:02:50 IST" duration-ms="16705" status="PASS">
          <params>
            <param index="0">
              <value>
                <![CDATA["UD Tax Set Up menu contains all submenus"]]>
              </value>
            </param>
            <param index="1">
              <value>
                <![CDATA["UD Tax Set Up"]]>
              </value>
            </param>
          </params>
          <reporter-output>
          </reporter-output>
        </test-method> <!-- runScenario -->
        <test-method is-config="true" signature="tearDownClass()[pri:0, instance:TestRunner.Run@5656be13]" started-at="2026-09-08T16:02:50 IST" name="tearDownClass" finished-at="2026-09-08T16:02:51 IST" duration-ms="1226" status="PASS">
          <reporter-output>
          </reporter-output>
        </test-method> <!-- tearDownClass -->
      </class> <!-- TestRunner.Run -->
    </test> <!-- Default test -->
  </suite> <!-- Default suite -->
</testng-results>
