<?xml version="1.0" encoding="UTF-8"?>
<!-- Generated by org.testng.reporters.JUnitReportReporter -->
<testsuite hostname="DESKTOP-GMDNGEC" failures="0" tests="5" name="TestRunner.Run" time="107.292" errors="0" timestamp="2026-09-02T15:07:02 IST" skipped="0">
  <testcase classname="TestRunner.Run" name="runScenario" time="17.066"/>
  <system-out/>
  <testcase classname="TestRunner.Run" name="runScenario" time="22.028"/>
  <system-out/>
  <testcase classname="TestRunner.Run" name="runScenario" time="17.193"/>
  <system-out/>
  <testcase classname="TestRunner.Run" name="runScenario" time="24.262"/>
  <system-out/>
  <testcase classname="TestRunner.Run" name="runScenario" time="26.743"/>
  <system-out/>
</testsuite> <!-- TestRunner.Run -->
