<?xml version="1.0" encoding="UTF-8"?>
<!-- Generated by org.testng.reporters.JUnitReportReporter -->
<testsuite hostname="DESKTOP-GMDNGEC" failures="0" tests="4" name="TestRunner.Run" time="134.346" errors="0" timestamp="2026-08-22T17:22:52 IST" skipped="0">
  <testcase classname="TestRunner.Run" name="runScenario" time="31.282"/>
  <system-out/>
  <testcase classname="TestRunner.Run" name="runScenario" time="24.637"/>
  <system-out/>
  <testcase classname="TestRunner.Run" name="runScenario" time="39.730"/>
  <system-out/>
  <testcase classname="TestRunner.Run" name="runScenario" time="38.697"/>
  <system-out/>
</testsuite> <!-- TestRunner.Run -->
